2019-09-29 11:51:52.543  INFO 20028 --- [JavaFX-Launcher] o.s.boot.SpringApplication               : Starting application on Duye with PID 20028 (started by Dim in C:\Development\eclipse-dsl-2019-09\eclipse-workspace\de.dc.entity.metro.demo)
2019-09-29 11:51:52.549  INFO 20028 --- [JavaFX-Launcher] o.s.boot.SpringApplication               : No active profile set, falling back to default profiles: default
2019-09-29 11:51:53.463  INFO 20028 --- [JavaFX-Launcher] .s.d.r.c.RepositoryConfigurationDelegate : Bootstrapping Spring Data repositories in DEFAULT mode.
2019-09-29 11:51:53.583  INFO 20028 --- [JavaFX-Launcher] .s.d.r.c.RepositoryConfigurationDelegate : Finished Spring Data repository scanning in 100ms. Found 2 repository interfaces.
2019-09-29 11:51:54.348  INFO 20028 --- [JavaFX-Launcher] o.hibernate.jpa.internal.util.LogHelper  : HHH000204: Processing PersistenceUnitInfo [name: default]
2019-09-29 11:51:54.502  INFO 20028 --- [JavaFX-Launcher] org.hibernate.Version                    : HHH000412: Hibernate Core {5.4.4.Final}
2019-09-29 11:51:54.769  INFO 20028 --- [JavaFX-Launcher] o.hibernate.annotations.common.Version   : HCANN000001: Hibernate Commons Annotations {5.1.0.Final}
2019-09-29 11:51:55.099  INFO 20028 --- [JavaFX-Launcher] com.zaxxer.hikari.HikariDataSource       : HikariPool-1 - Starting...
2019-09-29 11:51:55.386  INFO 20028 --- [JavaFX-Launcher] com.zaxxer.hikari.HikariDataSource       : HikariPool-1 - Start completed.
2019-09-29 11:51:55.419  INFO 20028 --- [JavaFX-Launcher] org.hibernate.dialect.Dialect            : HHH000400: Using dialect: org.hibernate.dialect.H2Dialect
2019-09-29 11:51:56.666 DEBUG 20028 --- [JavaFX-Launcher] org.hibernate.SQL                        : create table log (id BIGINT generated by default as identity, created_on timestamp, message varchar(255), name varchar(255), status integer, updated_on timestamp, primary key (id))
2019-09-29 11:51:56.704 DEBUG 20028 --- [JavaFX-Launcher] org.hibernate.SQL                        : create table log_history (id BIGINT generated by default as identity, created_on timestamp, message varchar(255), name varchar(255), status integer, primary key (id))
2019-09-29 11:51:56.708  INFO 20028 --- [JavaFX-Launcher] o.h.e.t.j.p.i.JtaPlatformInitiator       : HHH000490: Using JtaPlatform implementation: [org.hibernate.engine.transaction.jta.platform.internal.NoJtaPlatform]
2019-09-29 11:51:56.712  INFO 20028 --- [JavaFX-Launcher] j.LocalContainerEntityManagerFactoryBean : Initialized JPA EntityManagerFactory for persistence unit 'default'
2019-09-29 11:51:57.748  INFO 20028 --- [JavaFX-Launcher] o.s.boot.SpringApplication               : Started application in 6.3684828 seconds (JVM running for 7.185)
2019-09-29 11:51:58.463 DEBUG 20028 --- [JavaFX Application Thread] org.hibernate.SQL                        : select log0_.id as id1_0_, log0_.created_on as created_2_0_, log0_.message as message3_0_, log0_.name as name4_0_, log0_.status as status5_0_, log0_.updated_on as updated_6_0_ from log log0_
2019-09-29 11:51:58.492 DEBUG 20028 --- [JavaFX Application Thread] org.hibernate.SQL                        : select loghistory0_.id as id1_1_, loghistory0_.created_on as created_2_1_, loghistory0_.message as message3_1_, loghistory0_.name as name4_1_, loghistory0_.status as status5_1_ from log_history loghistory0_
2019-09-29 11:52:07.347  INFO 20028 --- [JavaFX Application Thread] j.LocalContainerEntityManagerFactoryBean : Closing JPA EntityManagerFactory for persistence unit 'default'
2019-09-29 11:52:07.351  INFO 20028 --- [JavaFX Application Thread] com.zaxxer.hikari.HikariDataSource       : HikariPool-1 - Shutdown initiated...
2019-09-29 11:52:07.367  INFO 20028 --- [JavaFX Application Thread] com.zaxxer.hikari.HikariDataSource       : HikariPool-1 - Shutdown completed.
